SF:lib\data\models\owner.dart
DA:7,4
DA:12,2
DA:13,2
DA:14,2
DA:15,2
DA:19,3
DA:20,2
DA:21,2
DA:22,6
DA:23,6
LF:10
LH:10
end_of_record
SF:lib\data\models\pet.dart
DA:18,9
DA:29,3
DA:30,3
DA:31,3
DA:32,3
DA:33,3
DA:34,6
DA:38,9
DA:39,9
DA:40,3
DA:41,3
DA:42,5
DA:46,6
DA:47,3
DA:48,3
DA:49,9
DA:50,9
DA:51,12
DA:52,9
DA:53,9
DA:54,9
DA:55,9
DA:56,3
DA:57,4
DA:62,2
DA:65,20
DA:68,2
DA:78,2
DA:79,1
DA:80,2
DA:81,2
DA:82,2
DA:83,2
DA:84,2
DA:85,2
DA:86,2
DA:90,4
DA:92,4
DA:93,4
DA:94,4
DA:95,4
DA:96,4
DA:97,4
DA:98,4
DA:99,4
DA:100,4
LF:46
LH:46
end_of_record
SF:lib\data\repositories\rest_pet_repository.dart
DA:22,1
DA:27,1
DA:29,2
DA:30,2
DA:32,1
DA:33,1
DA:38,2
DA:41,1
DA:48,1
DA:50,2
DA:51,2
DA:53,2
DA:54,1
DA:55,1
DA:58,4
DA:62,1
DA:73,1
DA:75,3
DA:76,2
DA:78,1
DA:79,1
DA:84,2
DA:87,1
DA:96,1
DA:98,2
DA:99,2
DA:101,2
DA:104,1
DA:112,1
DA:114,2
DA:115,2
DA:117,2
DA:118,1
DA:119,1
DA:122,1
DA:124,1
DA:125,1
LF:37
LH:37
end_of_record
SF:lib\data\repositories\firestore_pet_repository.dart
DA:19,1
DA:24,1
DA:25,4
DA:26,1
DA:27,5
DA:33,1
DA:35,3
DA:36,1
DA:37,4
DA:38,1
DA:65,1
DA:74,4
DA:76,1
DA:77,0
DA:78,1
DA:79,1
DA:80,1
DA:81,1
DA:82,1
DA:83,1
DA:84,1
DA:88,5
DA:90,0
DA:95,0
DA:100,0
DA:101,0
DA:102,0
DA:103,0
DA:109,0
DA:111,0
DA:113,0
DA:114,0
DA:121,0
DA:123,0
DA:127,0
DA:128,0
DA:129,0
DA:130,0
DA:131,0
DA:133,0
DA:134,0
DA:135,0
DA:137,0
DA:143,0
DA:144,0
DA:145,0
DA:146,0
DA:147,0
DA:150,0
LF:49
LH:21
end_of_record
SF:lib\logic\cubits\manage_pets_cubit.dart
DA:14,3
DA:20,1
DA:21,2
DA:24,2
DA:25,2
DA:26,0
DA:27,0
LF:7
LH:5
end_of_record
SF:lib\logic\cubits\manage_pets_state.dart
DA:6,1
DA:8,1
DA:9,1
DA:23,1
DA:25,1
DA:26,2
LF:6
LH:6
end_of_record
SF:lib\logic\cubits\manage_pets_simple_state.dart
DA:22,3
DA:28,1
DA:33,1
DA:34,0
DA:35,1
DA:36,1
DA:40,1
DA:41,4
LF:8
LH:7
end_of_record
SF:lib\logic\cubits\manage_pets_simple_cubit.dart
DA:15,1
DA:16,1
DA:22,1
DA:23,3
DA:26,2
DA:28,3
DA:29,0
DA:30,0
DA:31,0
DA:33,0
LF:10
LH:6
end_of_record
SF:lib\widgets\pet_list_loaded.dart
DA:9,1
DA:14,1
DA:16,1
DA:17,2
DA:18,1
DA:19,1
DA:20,5
DA:21,1
DA:22,3
DA:26,1
DA:27,3
DA:28,3
DA:30,1
DA:31,4
DA:32,3
DA:38,0
DA:39,0
DA:41,0
DA:42,0
DA:43,0
LF:20
LH:15
end_of_record
SF:lib\screens\detail_pet_screen.dart
DA:13,0
DA:18,0
DA:19,0
DA:27,0
DA:29,0
DA:31,0
DA:33,0
DA:34,0
DA:38,0
DA:40,0
DA:41,0
DA:42,0
DA:45,0
DA:46,0
DA:47,0
DA:49,0
DA:50,0
DA:53,0
DA:54,0
DA:55,0
DA:57,0
DA:59,0
DA:61,0
DA:65,0
DA:66,0
DA:67,0
DA:68,0
DA:69,0
DA:70,0
DA:71,0
DA:75,0
DA:78,0
DA:79,0
DA:81,0
DA:88,0
DA:93,0
DA:94,0
DA:95,0
DA:97,0
DA:99,0
DA:101,0
DA:103,0
DA:105,0
DA:107,0
DA:109,0
DA:111,0
DA:113,0
DA:115,0
DA:117,0
DA:122,0
DA:123,0
DA:124,0
DA:138,0
DA:140,0
DA:141,0
DA:142,0
DA:143,0
DA:144,0
DA:145,0
DA:146,0
DA:147,0
DA:151,0
DA:153,0
DA:154,0
DA:159,0
DA:160,0
DA:161,0
DA:171,0
DA:174,0
DA:175,0
DA:176,0
DA:183,0
DA:184,0
DA:194,0
DA:199,0
DA:201,0
DA:203,0
DA:205,0
DA:207,0
DA:208,0
DA:209,0
LF:81
LH:0
end_of_record
SF:lib\screens\edit_pet_screen.dart
DA:11,0
DA:13,0
DA:14,0
DA:29,0
DA:31,0
DA:33,0
DA:34,0
DA:38,0
DA:39,0
DA:40,0
DA:41,0
DA:42,0
DA:43,0
DA:46,0
DA:48,0
DA:49,0
DA:52,0
DA:53,0
DA:54,0
DA:56,0
DA:58,0
DA:60,0
DA:61,0
DA:62,0
DA:63,0
DA:64,0
DA:65,0
DA:66,0
DA:67,0
DA:68,0
DA:72,0
DA:73,0
DA:75,0
DA:76,0
DA:77,0
DA:84,0
DA:85,0
DA:86,0
DA:87,0
DA:88,0
DA:92,0
DA:93,0
DA:95,0
DA:97,0
DA:98,0
DA:101,0
DA:109,0
DA:110,0
DA:111,0
DA:112,0
DA:113,0
DA:117,0
DA:118,0
DA:120,0
DA:122,0
DA:123,0
DA:126,0
DA:134,0
DA:135,0
DA:136,0
DA:137,0
DA:138,0
DA:142,0
DA:143,0
DA:145,0
DA:147,0
DA:148,0
DA:151,0
DA:159,0
DA:160,0
DA:162,0
DA:164,0
DA:165,0
DA:166,0
DA:168,0
DA:170,0
DA:171,0
DA:172,0
DA:173,0
DA:176,0
DA:178,0
DA:180,0
DA:181,0
DA:182,0
DA:183,0
DA:186,0
DA:188,0
DA:190,0
DA:191,0
DA:192,0
DA:193,0
DA:196,0
DA:198,0
DA:200,0
DA:201,0
DA:202,0
DA:203,0
DA:207,0
DA:208,0
DA:210,0
DA:213,0
DA:214,0
DA:216,0
DA:222,0
DA:225,0
DA:227,0
DA:228,0
DA:233,0
DA:234,0
DA:245,0
DA:246,0
DA:250,0
DA:251,0
DA:252,0
DA:253,0
DA:254,0
DA:255,0
DA:256,0
DA:257,0
DA:260,0
DA:262,0
DA:263,0
DA:275,0
DA:276,0
DA:277,0
LF:125
LH:0
end_of_record
SF:lib\widgets\custom_button.dart
DA:11,0
DA:17,0
DA:19,0
DA:20,0
DA:21,0
DA:22,0
DA:24,0
DA:25,0
DA:26,0
DA:27,0
DA:35,0
DA:36,0
DA:37,0
DA:38,0
DA:39,0
DA:40,0
DA:41,0
LF:17
LH:0
end_of_record
SF:lib\widgets\inherited_adoption_bag.dart
DA:7,0
DA:14,0
DA:17,0
DA:18,0
LF:4
LH:0
end_of_record
